<?xml version="1.0" encoding="UTF-8"?>
<coverage generated="1661900414422" clover="3.2.0">
  <project timestamp="1661900414422" name="All files">
    <metrics statements="175" coveredstatements="132" conditionals="20" coveredconditionals="9" methods="51" coveredmethods="37" elements="246" coveredelements="178" complexity="0" loc="175" ncloc="175" packages="7" files="24" classes="24"/>
    <package name="src">
      <metrics statements="14" coveredstatements="9" conditionals="2" coveredconditionals="1" methods="7" coveredmethods="3"/>
      <file name="app.jsx" path="/Users/kevinmoyer/Documents/Hack Reactor/FEC/FrontEnd/src/app.jsx">
        <metrics statements="10" coveredstatements="7" conditionals="2" coveredconditionals="1" methods="4" coveredmethods="2"/>
        <line num="12" count="2" type="stmt"/>
        <line num="14" count="2" type="stmt"/>
        <line num="16" count="2" type="stmt"/>
        <line num="17" count="2" type="cond" truecount="1" falsecount="1"/>
        <line num="18" count="2" type="stmt"/>
        <line num="20" count="0" type="stmt"/>
        <line num="22" count="2" type="stmt"/>
        <line num="24" count="0" type="stmt"/>
        <line num="27" count="0" type="stmt"/>
        <line num="31" count="2" type="stmt"/>
      </file>
      <file name="serverRequests.js" path="/Users/kevinmoyer/Documents/Hack Reactor/FEC/FrontEnd/src/serverRequests.js">
        <metrics statements="4" coveredstatements="2" conditionals="0" coveredconditionals="0" methods="3" coveredmethods="1"/>
        <line num="3" count="2" type="stmt"/>
        <line num="7" count="2" type="stmt"/>
        <line num="11" count="0" type="stmt"/>
        <line num="15" count="0" type="stmt"/>
      </file>
    </package>
    <package name="src.components.Comparisons">
      <metrics statements="65" coveredstatements="46" conditionals="8" coveredconditionals="3" methods="17" coveredmethods="12"/>
      <file name="Comparisons.jsx" path="/Users/kevinmoyer/Documents/Hack Reactor/FEC/FrontEnd/src/components/Comparisons/Comparisons.jsx">
        <metrics statements="23" coveredstatements="10" conditionals="6" coveredconditionals="2" methods="4" coveredmethods="2"/>
        <line num="10" count="2" type="stmt"/>
        <line num="23" count="2" type="stmt"/>
        <line num="38" count="2" type="stmt"/>
        <line num="46" count="2" type="stmt"/>
        <line num="47" count="2" type="stmt"/>
        <line num="187" count="0" type="stmt"/>
        <line num="188" count="0" type="stmt"/>
        <line num="189" count="0" type="stmt"/>
        <line num="190" count="0" type="stmt"/>
        <line num="191" count="0" type="stmt"/>
        <line num="192" count="0" type="stmt"/>
        <line num="199" count="0" type="stmt"/>
        <line num="200" count="0" type="stmt"/>
        <line num="201" count="0" type="cond" truecount="0" falsecount="2"/>
        <line num="202" count="0" type="stmt"/>
        <line num="203" count="0" type="stmt"/>
        <line num="208" count="0" type="stmt"/>
        <line num="216" count="2" type="stmt"/>
        <line num="217" count="2" type="cond" truecount="1" falsecount="1"/>
        <line num="218" count="0" type="stmt"/>
        <line num="220" count="2" type="cond" truecount="1" falsecount="1"/>
        <line num="221" count="2" type="stmt"/>
        <line num="223" count="2" type="stmt"/>
      </file>
      <file name="ComparisonsModal.jsx" path="/Users/kevinmoyer/Documents/Hack Reactor/FEC/FrontEnd/src/components/Comparisons/ComparisonsModal.jsx">
        <metrics statements="11" coveredstatements="9" conditionals="2" coveredconditionals="1" methods="2" coveredmethods="1"/>
        <line num="4" count="2" type="stmt"/>
        <line num="19" count="2" type="stmt"/>
        <line num="29" count="2" type="stmt"/>
        <line num="33" count="2" type="stmt"/>
        <line num="37" count="2" type="stmt"/>
        <line num="41" count="2" type="stmt"/>
        <line num="45" count="2" type="stmt"/>
        <line num="46" count="10" type="cond" truecount="1" falsecount="1"/>
        <line num="47" count="10" type="stmt"/>
        <line num="50" count="0" type="stmt"/>
        <line num="52" count="0" type="stmt"/>
      </file>
      <file name="OutfitItem.jsx" path="/Users/kevinmoyer/Documents/Hack Reactor/FEC/FrontEnd/src/components/Comparisons/OutfitItem.jsx">
        <metrics statements="7" coveredstatements="7" conditionals="0" coveredconditionals="0" methods="2" coveredmethods="2"/>
        <line num="5" count="2" type="stmt"/>
        <line num="14" count="2" type="stmt"/>
        <line num="19" count="2" type="stmt"/>
        <line num="24" count="2" type="stmt"/>
        <line num="36" count="2" type="stmt"/>
        <line num="37" count="2" type="stmt"/>
        <line num="47" count="2" type="stmt"/>
      </file>
      <file name="OutfitList.jsx" path="/Users/kevinmoyer/Documents/Hack Reactor/FEC/FrontEnd/src/components/Comparisons/OutfitList.jsx">
        <metrics statements="8" coveredstatements="8" conditionals="0" coveredconditionals="0" methods="3" coveredmethods="3"/>
        <line num="6" count="2" type="stmt"/>
        <line num="21" count="2" type="stmt"/>
        <line num="25" count="2" type="stmt"/>
        <line num="37" count="2" type="stmt"/>
        <line num="49" count="2" type="stmt"/>
        <line num="50" count="2" type="stmt"/>
        <line num="85" count="2" type="stmt"/>
        <line num="90" count="2" type="stmt"/>
      </file>
      <file name="RelatedItem.jsx" path="/Users/kevinmoyer/Documents/Hack Reactor/FEC/FrontEnd/src/components/Comparisons/RelatedItem.jsx">
        <metrics statements="11" coveredstatements="7" conditionals="0" coveredconditionals="0" methods="4" coveredmethods="2"/>
        <line num="6" count="2" type="stmt"/>
        <line num="15" count="2" type="stmt"/>
        <line num="24" count="2" type="stmt"/>
        <line num="28" count="2" type="stmt"/>
        <line num="35" count="10" type="stmt"/>
        <line num="36" count="10" type="stmt"/>
        <line num="43" count="0" type="stmt"/>
        <line num="45" count="0" type="stmt"/>
        <line num="51" count="0" type="stmt"/>
        <line num="52" count="0" type="stmt"/>
        <line num="71" count="10" type="stmt"/>
      </file>
      <file name="RelatedList.jsx" path="/Users/kevinmoyer/Documents/Hack Reactor/FEC/FrontEnd/src/components/Comparisons/RelatedList.jsx">
        <metrics statements="5" coveredstatements="5" conditionals="0" coveredconditionals="0" methods="2" coveredmethods="2"/>
        <line num="5" count="2" type="stmt"/>
        <line num="8" count="2" type="stmt"/>
        <line num="24" count="2" type="stmt"/>
        <line num="25" count="2" type="stmt"/>
        <line num="29" count="10" type="stmt"/>
      </file>
    </package>
    <package name="src.components.Overview">
      <metrics statements="42" coveredstatements="42" conditionals="0" coveredconditionals="0" methods="7" coveredmethods="7"/>
      <file name="CheckOut.jsx" path="/Users/kevinmoyer/Documents/Hack Reactor/FEC/FrontEnd/src/components/Overview/CheckOut.jsx">
        <metrics statements="8" coveredstatements="8" conditionals="0" coveredconditionals="0" methods="1" coveredmethods="1"/>
        <line num="5" count="2" type="stmt"/>
        <line num="11" count="2" type="stmt"/>
        <line num="19" count="2" type="stmt"/>
        <line num="22" count="2" type="stmt"/>
        <line num="29" count="2" type="stmt"/>
        <line num="32" count="2" type="stmt"/>
        <line num="45" count="2" type="stmt"/>
        <line num="46" count="2" type="stmt"/>
      </file>
      <file name="ImageGallery.jsx" path="/Users/kevinmoyer/Documents/Hack Reactor/FEC/FrontEnd/src/components/Overview/ImageGallery.jsx">
        <metrics statements="6" coveredstatements="6" conditionals="0" coveredconditionals="0" methods="1" coveredmethods="1"/>
        <line num="4" count="2" type="stmt"/>
        <line num="9" count="2" type="stmt"/>
        <line num="15" count="2" type="stmt"/>
        <line num="21" count="2" type="stmt"/>
        <line num="26" count="2" type="stmt"/>
        <line num="27" count="2" type="stmt"/>
      </file>
      <file name="Overview.jsx" path="/Users/kevinmoyer/Documents/Hack Reactor/FEC/FrontEnd/src/components/Overview/Overview.jsx">
        <metrics statements="6" coveredstatements="6" conditionals="0" coveredconditionals="0" methods="2" coveredmethods="2"/>
        <line num="10" count="2" type="stmt"/>
        <line num="16" count="2" type="stmt"/>
        <line num="19" count="2" type="stmt"/>
        <line num="28" count="2" type="stmt"/>
        <line num="29" count="2" type="stmt"/>
        <line num="182" count="2" type="stmt"/>
      </file>
      <file name="ProductInfo.jsx" path="/Users/kevinmoyer/Documents/Hack Reactor/FEC/FrontEnd/src/components/Overview/ProductInfo.jsx">
        <metrics statements="8" coveredstatements="8" conditionals="0" coveredconditionals="0" methods="1" coveredmethods="1"/>
        <line num="5" count="2" type="stmt"/>
        <line num="9" count="2" type="stmt"/>
        <line num="15" count="2" type="stmt"/>
        <line num="19" count="2" type="stmt"/>
        <line num="23" count="2" type="stmt"/>
        <line num="26" count="2" type="stmt"/>
        <line num="33" count="2" type="stmt"/>
        <line num="34" count="2" type="stmt"/>
      </file>
      <file name="StyleSelect.jsx" path="/Users/kevinmoyer/Documents/Hack Reactor/FEC/FrontEnd/src/components/Overview/StyleSelect.jsx">
        <metrics statements="8" coveredstatements="8" conditionals="0" coveredconditionals="0" methods="1" coveredmethods="1"/>
        <line num="4" count="2" type="stmt"/>
        <line num="8" count="2" type="stmt"/>
        <line num="13" count="2" type="stmt"/>
        <line num="19" count="2" type="stmt"/>
        <line num="23" count="2" type="stmt"/>
        <line num="27" count="2" type="stmt"/>
        <line num="34" count="2" type="stmt"/>
        <line num="35" count="2" type="stmt"/>
      </file>
      <file name="Title.jsx" path="/Users/kevinmoyer/Documents/Hack Reactor/FEC/FrontEnd/src/components/Overview/Title.jsx">
        <metrics statements="6" coveredstatements="6" conditionals="0" coveredconditionals="0" methods="1" coveredmethods="1"/>
        <line num="5" count="2" type="stmt"/>
        <line num="17" count="2" type="stmt"/>
        <line num="24" count="2" type="stmt"/>
        <line num="27" count="2" type="stmt"/>
        <line num="33" count="2" type="stmt"/>
        <line num="34" count="2" type="stmt"/>
      </file>
    </package>
    <package name="src.components.QandA">
      <metrics statements="16" coveredstatements="9" conditionals="2" coveredconditionals="0" methods="7" coveredmethods="4"/>
      <file name="QandA.jsx" path="/Users/kevinmoyer/Documents/Hack Reactor/FEC/FrontEnd/src/components/QandA/QandA.jsx">
        <metrics statements="12" coveredstatements="5" conditionals="2" coveredconditionals="0" methods="5" coveredmethods="2"/>
        <line num="8" count="2" type="stmt"/>
        <line num="9" count="2" type="stmt"/>
        <line num="18" count="2" type="stmt"/>
        <line num="19" count="2" type="stmt"/>
        <line num="23" count="0" type="stmt"/>
        <line num="29" count="0" type="stmt"/>
        <line num="30" count="0" type="cond" truecount="0" falsecount="2"/>
        <line num="31" count="0" type="stmt"/>
        <line num="33" count="0" type="stmt"/>
        <line num="36" count="0" type="stmt"/>
        <line num="40" count="0" type="stmt"/>
        <line num="46" count="2" type="stmt"/>
      </file>
      <file name="QuestionList.jsx" path="/Users/kevinmoyer/Documents/Hack Reactor/FEC/FrontEnd/src/components/QandA/QuestionList.jsx">
        <metrics statements="4" coveredstatements="4" conditionals="0" coveredconditionals="0" methods="2" coveredmethods="2"/>
        <line num="3" count="2" type="stmt"/>
        <line num="9" count="2" type="stmt"/>
        <line num="11" count="2" type="stmt"/>
        <line num="14" count="2" type="stmt"/>
      </file>
    </package>
    <package name="src.components.RandR">
      <metrics statements="32" coveredstatements="20" conditionals="6" coveredconditionals="3" methods="8" coveredmethods="6"/>
      <file name="RandR.jsx" path="/Users/kevinmoyer/Documents/Hack Reactor/FEC/FrontEnd/src/components/RandR/RandR.jsx">
        <metrics statements="30" coveredstatements="18" conditionals="6" coveredconditionals="3" methods="6" coveredmethods="4"/>
        <line num="8" count="4" type="stmt"/>
        <line num="9" count="4" type="stmt"/>
        <line num="10" count="4" type="stmt"/>
        <line num="11" count="4" type="stmt"/>
        <line num="13" count="4" type="stmt"/>
        <line num="14" count="2" type="cond" truecount="1" falsecount="1"/>
        <line num="15" count="0" type="stmt"/>
        <line num="17" count="0" type="stmt"/>
        <line num="18" count="0" type="stmt"/>
        <line num="21" count="0" type="stmt"/>
        <line num="26" count="4" type="stmt"/>
        <line num="27" count="2" type="cond" truecount="1" falsecount="1"/>
        <line num="28" count="2" type="stmt"/>
        <line num="29" count="2" type="stmt"/>
        <line num="30" count="2" type="stmt"/>
        <line num="31" count="0" type="stmt"/>
        <line num="32" count="0" type="stmt"/>
        <line num="33" count="0" type="stmt"/>
        <line num="34" count="0" type="stmt"/>
        <line num="36" count="2" type="stmt"/>
        <line num="37" count="2" type="stmt"/>
        <line num="38" count="2" type="stmt"/>
        <line num="39" count="2" type="stmt"/>
        <line num="44" count="4" type="stmt"/>
        <line num="45" count="2" type="cond" truecount="1" falsecount="1"/>
        <line num="46" count="0" type="stmt"/>
        <line num="47" count="0" type="stmt"/>
        <line num="48" count="0" type="stmt"/>
        <line num="49" count="0" type="stmt"/>
        <line num="53" count="4" type="stmt"/>
      </file>
      <file name="RatingBreakdown.jsx" path="/Users/kevinmoyer/Documents/Hack Reactor/FEC/FrontEnd/src/components/RandR/RatingBreakdown.jsx">
        <metrics statements="1" coveredstatements="1" conditionals="0" coveredconditionals="0" methods="1" coveredmethods="1"/>
        <line num="8" count="4" type="stmt"/>
      </file>
      <file name="Reviews.jsx" path="/Users/kevinmoyer/Documents/Hack Reactor/FEC/FrontEnd/src/components/RandR/Reviews.jsx">
        <metrics statements="1" coveredstatements="1" conditionals="0" coveredconditionals="0" methods="1" coveredmethods="1"/>
        <line num="5" count="4" type="stmt"/>
      </file>
    </package>
    <package name="src.components.RandR.RatingBreakdown">
      <metrics statements="4" coveredstatements="4" conditionals="2" coveredconditionals="2" methods="3" coveredmethods="3"/>
      <file name="CharsBreakdown.jsx" path="/Users/kevinmoyer/Documents/Hack Reactor/FEC/FrontEnd/src/components/RandR/RatingBreakdown/CharsBreakdown.jsx">
        <metrics statements="1" coveredstatements="1" conditionals="0" coveredconditionals="0" methods="1" coveredmethods="1"/>
        <line num="4" count="4" type="stmt"/>
      </file>
      <file name="RatingsBar.jsx" path="/Users/kevinmoyer/Documents/Hack Reactor/FEC/FrontEnd/src/components/RandR/RatingBreakdown/RatingsBar.jsx">
        <metrics statements="1" coveredstatements="1" conditionals="0" coveredconditionals="0" methods="1" coveredmethods="1"/>
        <line num="4" count="4" type="stmt"/>
      </file>
      <file name="StarRating.jsx" path="/Users/kevinmoyer/Documents/Hack Reactor/FEC/FrontEnd/src/components/RandR/RatingBreakdown/StarRating.jsx">
        <metrics statements="2" coveredstatements="2" conditionals="2" coveredconditionals="2" methods="1" coveredmethods="1"/>
        <line num="6" count="10" type="cond" truecount="2" falsecount="0"/>
        <line num="8" count="10" type="stmt"/>
      </file>
    </package>
    <package name="src.components.RandR.Reviews">
      <metrics statements="2" coveredstatements="2" conditionals="0" coveredconditionals="0" methods="2" coveredmethods="2"/>
      <file name="ReviewList.jsx" path="/Users/kevinmoyer/Documents/Hack Reactor/FEC/FrontEnd/src/components/RandR/Reviews/ReviewList.jsx">
        <metrics statements="1" coveredstatements="1" conditionals="0" coveredconditionals="0" methods="1" coveredmethods="1"/>
        <line num="5" count="4" type="stmt"/>
      </file>
      <file name="ReviewTile.jsx" path="/Users/kevinmoyer/Documents/Hack Reactor/FEC/FrontEnd/src/components/RandR/Reviews/ReviewTile.jsx">
        <metrics statements="1" coveredstatements="1" conditionals="0" coveredconditionals="0" methods="1" coveredmethods="1"/>
        <line num="5" count="4" type="stmt"/>
      </file>
    </package>
  </project>
</coverage>
