{"/Users/kevinmoyer/Documents/Hack Reactor/FEC/FrontEnd/src/app.jsx": {"path":"/Users/kevinmoyer/Documents/Hack Reactor/FEC/FrontEnd/src/app.jsx","statementMap":{"0":{"start":{"line":12,"column":12},"end":{"line":39,"column":1}},"1":{"start":{"line":14,"column":26},"end":{"line":14,"column":40}},"2":{"start":{"line":16,"column":2},"end":{"line":29,"column":9}},"3":{"start":{"line":17,"column":4},"end":{"line":21,"column":5}},"4":{"start":{"line":18,"column":20},"end":{"line":18,"column":25}},"5":{"start":{"line":20,"column":20},"end":{"line":20,"column":27}},"6":{"start":{"line":22,"column":4},"end":{"line":28,"column":9}},"7":{"start":{"line":24,"column":8},"end":{"line":24,"column":26}},"8":{"start":{"line":27,"column":8},"end":{"line":27,"column":25}},"9":{"start":{"line":31,"column":2},"end":{"line":38,"column":6}}},"fnMap":{"0":{"name":"(anonymous_0)","decl":{"start":{"line":12,"column":12},"end":{"line":12,"column":13}},"loc":{"start":{"line":12,"column":18},"end":{"line":39,"column":1}},"line":12},"1":{"name":"(anonymous_1)","decl":{"start":{"line":16,"column":12},"end":{"line":16,"column":13}},"loc":{"start":{"line":16,"column":18},"end":{"line":29,"column":3}},"line":16},"2":{"name":"(anonymous_2)","decl":{"start":{"line":23,"column":12},"end":{"line":23,"column":13}},"loc":{"start":{"line":23,"column":22},"end":{"line":25,"column":7}},"line":23},"3":{"name":"(anonymous_3)","decl":{"start":{"line":26,"column":13},"end":{"line":26,"column":14}},"loc":{"start":{"line":26,"column":22},"end":{"line":28,"column":7}},"line":26}},"branchMap":{"0":{"loc":{"start":{"line":17,"column":4},"end":{"line":21,"column":5}},"type":"if","locations":[{"start":{"line":17,"column":4},"end":{"line":21,"column":5}},{"start":{"line":19,"column":11},"end":{"line":21,"column":5}}],"line":17}},"s":{"0":2,"1":2,"2":2,"3":2,"4":2,"5":0,"6":2,"7":0,"8":0,"9":2},"f":{"0":2,"1":2,"2":0,"3":0},"b":{"0":[2,0]},"_coverageSchema":"1a1c01bbd47fc00a2c39e90264f33305004495a9","hash":"df50d0b022e6acf2a659967d8530fe4eb072de72"}
,"/Users/kevinmoyer/Documents/Hack Reactor/FEC/FrontEnd/src/serverRequests.js": {"path":"/Users/kevinmoyer/Documents/Hack Reactor/FEC/FrontEnd/src/serverRequests.js","statementMap":{"0":{"start":{"line":3,"column":15},"end":{"line":17,"column":1}},"1":{"start":{"line":7,"column":4},"end":{"line":7,"column":50}},"2":{"start":{"line":11,"column":4},"end":{"line":11,"column":57}},"3":{"start":{"line":15,"column":4},"end":{"line":15,"column":57}}},"fnMap":{"0":{"name":"(anonymous_0)","decl":{"start":{"line":6,"column":7},"end":{"line":6,"column":8}},"loc":{"start":{"line":6,"column":29},"end":{"line":8,"column":3}},"line":6},"1":{"name":"(anonymous_1)","decl":{"start":{"line":10,"column":8},"end":{"line":10,"column":9}},"loc":{"start":{"line":10,"column":36},"end":{"line":12,"column":3}},"line":10},"2":{"name":"(anonymous_2)","decl":{"start":{"line":14,"column":7},"end":{"line":14,"column":8}},"loc":{"start":{"line":14,"column":35},"end":{"line":16,"column":3}},"line":14}},"branchMap":{},"s":{"0":2,"1":2,"2":0,"3":0},"f":{"0":2,"1":0,"2":0},"b":{},"_coverageSchema":"1a1c01bbd47fc00a2c39e90264f33305004495a9","hash":"7b8901c3e377dbeff53f3333ee0df1af55657758"}
,"/Users/kevinmoyer/Documents/Hack Reactor/FEC/FrontEnd/src/components/Comparisons/Comparisons.jsx": {"path":"/Users/kevinmoyer/Documents/Hack Reactor/FEC/FrontEnd/src/components/Comparisons/Comparisons.jsx","statementMap":{"0":{"start":{"line":10,"column":18},"end":{"line":21,"column":1}},"1":{"start":{"line":23,"column":19},"end":{"line":36,"column":1}},"2":{"start":{"line":38,"column":20},"end":{"line":42,"column":1}},"3":{"start":{"line":46,"column":4},"end":{"line":46,"column":17}},"4":{"start":{"line":47,"column":4},"end":{"line":180,"column":6}},"5":{"start":{"line":187,"column":4},"end":{"line":187,"column":41}},"6":{"start":{"line":188,"column":20},"end":{"line":188,"column":66}},"7":{"start":{"line":189,"column":4},"end":{"line":189,"column":46}},"8":{"start":{"line":190,"column":4},"end":{"line":190,"column":30}},"9":{"start":{"line":191,"column":4},"end":{"line":191,"column":45}},"10":{"start":{"line":192,"column":4},"end":{"line":195,"column":6}},"11":{"start":{"line":199,"column":4},"end":{"line":199,"column":42}},"12":{"start":{"line":200,"column":20},"end":{"line":200,"column":66}},"13":{"start":{"line":201,"column":4},"end":{"line":211,"column":5}},"14":{"start":{"line":202,"column":6},"end":{"line":202,"column":32}},"15":{"start":{"line":203,"column":6},"end":{"line":206,"column":8}},"16":{"start":{"line":208,"column":6},"end":{"line":210,"column":8}},"17":{"start":{"line":216,"column":20},"end":{"line":216,"column":66}},"18":{"start":{"line":217,"column":4},"end":{"line":219,"column":5}},"19":{"start":{"line":218,"column":6},"end":{"line":218,"column":73}},"20":{"start":{"line":220,"column":4},"end":{"line":222,"column":5}},"21":{"start":{"line":221,"column":6},"end":{"line":221,"column":76}},"22":{"start":{"line":223,"column":4},"end":{"line":232,"column":5}}},"fnMap":{"0":{"name":"(anonymous_0)","decl":{"start":{"line":45,"column":2},"end":{"line":45,"column":3}},"loc":{"start":{"line":45,"column":21},"end":{"line":181,"column":3}},"line":45},"1":{"name":"(anonymous_1)","decl":{"start":{"line":186,"column":2},"end":{"line":186,"column":3}},"loc":{"start":{"line":186,"column":13},"end":{"line":196,"column":3}},"line":186},"2":{"name":"(anonymous_2)","decl":{"start":{"line":198,"column":2},"end":{"line":198,"column":3}},"loc":{"start":{"line":198,"column":13},"end":{"line":212,"column":3}},"line":198},"3":{"name":"(anonymous_3)","decl":{"start":{"line":214,"column":2},"end":{"line":214,"column":3}},"loc":{"start":{"line":214,"column":11},"end":{"line":233,"column":3}},"line":214}},"branchMap":{"0":{"loc":{"start":{"line":201,"column":4},"end":{"line":211,"column":5}},"type":"if","locations":[{"start":{"line":201,"column":4},"end":{"line":211,"column":5}},{"start":{"line":207,"column":11},"end":{"line":211,"column":5}}],"line":201},"1":{"loc":{"start":{"line":217,"column":4},"end":{"line":219,"column":5}},"type":"if","locations":[{"start":{"line":217,"column":4},"end":{"line":219,"column":5}},{"start":{},"end":{}}],"line":217},"2":{"loc":{"start":{"line":220,"column":4},"end":{"line":222,"column":5}},"type":"if","locations":[{"start":{"line":220,"column":4},"end":{"line":222,"column":5}},{"start":{},"end":{}}],"line":220}},"s":{"0":2,"1":2,"2":2,"3":2,"4":2,"5":0,"6":0,"7":0,"8":0,"9":0,"10":0,"11":0,"12":0,"13":0,"14":0,"15":0,"16":0,"17":2,"18":2,"19":0,"20":2,"21":2,"22":2},"f":{"0":2,"1":0,"2":0,"3":2},"b":{"0":[0,0],"1":[0,2],"2":[2,0]},"_coverageSchema":"1a1c01bbd47fc00a2c39e90264f33305004495a9","hash":"5ee94e745e63ae8a2cd9d06c3442e2aa7b42c541"}
,"/Users/kevinmoyer/Documents/Hack Reactor/FEC/FrontEnd/src/components/Comparisons/ComparisonsModal.jsx": {"path":"/Users/kevinmoyer/Documents/Hack Reactor/FEC/FrontEnd/src/components/Comparisons/ComparisonsModal.jsx","statementMap":{"0":{"start":{"line":4,"column":14},"end":{"line":17,"column":1}},"1":{"start":{"line":19,"column":21},"end":{"line":27,"column":1}},"2":{"start":{"line":29,"column":18},"end":{"line":31,"column":1}},"3":{"start":{"line":33,"column":11},"end":{"line":35,"column":1}},"4":{"start":{"line":37,"column":11},"end":{"line":39,"column":1}},"5":{"start":{"line":41,"column":11},"end":{"line":43,"column":1}},"6":{"start":{"line":45,"column":25},"end":{"line":79,"column":1}},"7":{"start":{"line":46,"column":2},"end":{"line":48,"column":3}},"8":{"start":{"line":47,"column":4},"end":{"line":47,"column":16}},"9":{"start":{"line":50,"column":2},"end":{"line":78,"column":3}},"10":{"start":{"line":52,"column":34},"end":{"line":52,"column":53}}},"fnMap":{"0":{"name":"(anonymous_0)","decl":{"start":{"line":45,"column":25},"end":{"line":45,"column":26}},"loc":{"start":{"line":45,"column":36},"end":{"line":79,"column":1}},"line":45},"1":{"name":"(anonymous_1)","decl":{"start":{"line":52,"column":29},"end":{"line":52,"column":30}},"loc":{"start":{"line":52,"column":34},"end":{"line":52,"column":53}},"line":52}},"branchMap":{"0":{"loc":{"start":{"line":46,"column":2},"end":{"line":48,"column":3}},"type":"if","locations":[{"start":{"line":46,"column":2},"end":{"line":48,"column":3}},{"start":{},"end":{}}],"line":46}},"s":{"0":2,"1":2,"2":2,"3":2,"4":2,"5":2,"6":2,"7":10,"8":10,"9":0,"10":0},"f":{"0":10,"1":0},"b":{"0":[10,0]},"_coverageSchema":"1a1c01bbd47fc00a2c39e90264f33305004495a9","hash":"4851a3649e684aa5b9edc832fb579cd673c21088"}
,"/Users/kevinmoyer/Documents/Hack Reactor/FEC/FrontEnd/src/components/Comparisons/OutfitItem.jsx": {"path":"/Users/kevinmoyer/Documents/Hack Reactor/FEC/FrontEnd/src/components/Comparisons/OutfitItem.jsx","statementMap":{"0":{"start":{"line":5,"column":13},"end":{"line":13,"column":1}},"1":{"start":{"line":14,"column":13},"end":{"line":17,"column":1}},"2":{"start":{"line":19,"column":12},"end":{"line":23,"column":1}},"3":{"start":{"line":24,"column":15},"end":{"line":32,"column":1}},"4":{"start":{"line":36,"column":4},"end":{"line":36,"column":17}},"5":{"start":{"line":37,"column":4},"end":{"line":40,"column":5}},"6":{"start":{"line":47,"column":4},"end":{"line":56,"column":5}}},"fnMap":{"0":{"name":"(anonymous_0)","decl":{"start":{"line":35,"column":2},"end":{"line":35,"column":3}},"loc":{"start":{"line":35,"column":21},"end":{"line":41,"column":3}},"line":35},"1":{"name":"(anonymous_1)","decl":{"start":{"line":46,"column":2},"end":{"line":46,"column":3}},"loc":{"start":{"line":46,"column":11},"end":{"line":57,"column":3}},"line":46}},"branchMap":{},"s":{"0":2,"1":2,"2":2,"3":2,"4":2,"5":2,"6":2},"f":{"0":2,"1":2},"b":{},"_coverageSchema":"1a1c01bbd47fc00a2c39e90264f33305004495a9","hash":"e634ab218d8ff20866fd885ca9c4891df951aff6"}
,"/Users/kevinmoyer/Documents/Hack Reactor/FEC/FrontEnd/src/components/Comparisons/OutfitList.jsx": {"path":"/Users/kevinmoyer/Documents/Hack Reactor/FEC/FrontEnd/src/components/Comparisons/OutfitList.jsx","statementMap":{"0":{"start":{"line":6,"column":17},"end":{"line":19,"column":1}},"1":{"start":{"line":21,"column":16},"end":{"line":23,"column":1}},"2":{"start":{"line":25,"column":16},"end":{"line":35,"column":1}},"3":{"start":{"line":37,"column":19},"end":{"line":45,"column":1}},"4":{"start":{"line":49,"column":4},"end":{"line":49,"column":17}},"5":{"start":{"line":50,"column":4},"end":{"line":73,"column":6}},"6":{"start":{"line":85,"column":4},"end":{"line":98,"column":5}},"7":{"start":{"line":90,"column":10},"end":{"line":90,"column":49}}},"fnMap":{"0":{"name":"(anonymous_0)","decl":{"start":{"line":48,"column":2},"end":{"line":48,"column":3}},"loc":{"start":{"line":48,"column":21},"end":{"line":74,"column":3}},"line":48},"1":{"name":"(anonymous_1)","decl":{"start":{"line":81,"column":2},"end":{"line":81,"column":3}},"loc":{"start":{"line":81,"column":11},"end":{"line":99,"column":3}},"line":81},"2":{"name":"(anonymous_2)","decl":{"start":{"line":89,"column":36},"end":{"line":89,"column":37}},"loc":{"start":{"line":90,"column":10},"end":{"line":90,"column":49}},"line":90}},"branchMap":{},"s":{"0":2,"1":2,"2":2,"3":2,"4":2,"5":2,"6":2,"7":2},"f":{"0":2,"1":2,"2":2},"b":{},"_coverageSchema":"1a1c01bbd47fc00a2c39e90264f33305004495a9","hash":"441e0c021017458397d1e42717493ffb26018a1a"}
,"/Users/kevinmoyer/Documents/Hack Reactor/FEC/FrontEnd/src/components/Comparisons/RelatedItem.jsx": {"path":"/Users/kevinmoyer/Documents/Hack Reactor/FEC/FrontEnd/src/components/Comparisons/RelatedItem.jsx","statementMap":{"0":{"start":{"line":6,"column":13},"end":{"line":14,"column":1}},"1":{"start":{"line":15,"column":15},"end":{"line":23,"column":1}},"2":{"start":{"line":24,"column":13},"end":{"line":27,"column":1}},"3":{"start":{"line":28,"column":12},"end":{"line":32,"column":1}},"4":{"start":{"line":35,"column":4},"end":{"line":35,"column":17}},"5":{"start":{"line":36,"column":4},"end":{"line":39,"column":5}},"6":{"start":{"line":43,"column":4},"end":{"line":43,"column":39}},"7":{"start":{"line":45,"column":4},"end":{"line":47,"column":6}},"8":{"start":{"line":51,"column":4},"end":{"line":51,"column":24}},"9":{"start":{"line":52,"column":4},"end":{"line":54,"column":6}},"10":{"start":{"line":71,"column":4},"end":{"line":83,"column":5}}},"fnMap":{"0":{"name":"(anonymous_0)","decl":{"start":{"line":34,"column":2},"end":{"line":34,"column":3}},"loc":{"start":{"line":34,"column":21},"end":{"line":40,"column":3}},"line":34},"1":{"name":"(anonymous_1)","decl":{"start":{"line":42,"column":2},"end":{"line":42,"column":3}},"loc":{"start":{"line":42,"column":15},"end":{"line":48,"column":3}},"line":42},"2":{"name":"(anonymous_2)","decl":{"start":{"line":50,"column":2},"end":{"line":50,"column":3}},"loc":{"start":{"line":50,"column":15},"end":{"line":55,"column":3}},"line":50},"3":{"name":"(anonymous_3)","decl":{"start":{"line":70,"column":2},"end":{"line":70,"column":3}},"loc":{"start":{"line":70,"column":11},"end":{"line":84,"column":3}},"line":70}},"branchMap":{},"s":{"0":2,"1":2,"2":2,"3":2,"4":10,"5":10,"6":0,"7":0,"8":0,"9":0,"10":10},"f":{"0":10,"1":0,"2":0,"3":10},"b":{},"_coverageSchema":"1a1c01bbd47fc00a2c39e90264f33305004495a9","hash":"9386a8471906029d0027e9c8a169f569683077ee"}
,"/Users/kevinmoyer/Documents/Hack Reactor/FEC/FrontEnd/src/components/Comparisons/RelatedList.jsx": {"path":"/Users/kevinmoyer/Documents/Hack Reactor/FEC/FrontEnd/src/components/Comparisons/RelatedList.jsx","statementMap":{"0":{"start":{"line":5,"column":16},"end":{"line":7,"column":1}},"1":{"start":{"line":8,"column":17},"end":{"line":21,"column":1}},"2":{"start":{"line":24,"column":18},"end":{"line":33,"column":1}},"3":{"start":{"line":25,"column":2},"end":{"line":32,"column":12}},"4":{"start":{"line":29,"column":6},"end":{"line":29,"column":46}}},"fnMap":{"0":{"name":"(anonymous_0)","decl":{"start":{"line":24,"column":18},"end":{"line":24,"column":19}},"loc":{"start":{"line":25,"column":2},"end":{"line":32,"column":12}},"line":25},"1":{"name":"(anonymous_1)","decl":{"start":{"line":28,"column":23},"end":{"line":28,"column":24}},"loc":{"start":{"line":29,"column":6},"end":{"line":29,"column":46}},"line":29}},"branchMap":{},"s":{"0":2,"1":2,"2":2,"3":2,"4":10},"f":{"0":2,"1":10},"b":{},"_coverageSchema":"1a1c01bbd47fc00a2c39e90264f33305004495a9","hash":"a4c0165a1921fa2457aebbc168d4e4aaa7f1db03"}
,"/Users/kevinmoyer/Documents/Hack Reactor/FEC/FrontEnd/src/components/Overview/CheckOut.jsx": {"path":"/Users/kevinmoyer/Documents/Hack Reactor/FEC/FrontEnd/src/components/Overview/CheckOut.jsx","statementMap":{"0":{"start":{"line":5,"column":17},"end":{"line":9,"column":1}},"1":{"start":{"line":11,"column":19},"end":{"line":17,"column":1}},"2":{"start":{"line":19,"column":20},"end":{"line":20,"column":1}},"3":{"start":{"line":22,"column":23},"end":{"line":27,"column":1}},"4":{"start":{"line":29,"column":24},"end":{"line":30,"column":1}},"5":{"start":{"line":32,"column":18},"end":{"line":42,"column":1}},"6":{"start":{"line":45,"column":15},"end":{"line":61,"column":1}},"7":{"start":{"line":46,"column":2},"end":{"line":60,"column":3}}},"fnMap":{"0":{"name":"(anonymous_0)","decl":{"start":{"line":45,"column":15},"end":{"line":45,"column":16}},"loc":{"start":{"line":45,"column":26},"end":{"line":61,"column":1}},"line":45}},"branchMap":{},"s":{"0":2,"1":2,"2":2,"3":2,"4":2,"5":2,"6":2,"7":2},"f":{"0":2},"b":{},"_coverageSchema":"1a1c01bbd47fc00a2c39e90264f33305004495a9","hash":"46b468ae6fb8bc5e3ae18422e51d1cca107b1620"}
,"/Users/kevinmoyer/Documents/Hack Reactor/FEC/FrontEnd/src/components/Overview/ImageGallery.jsx": {"path":"/Users/kevinmoyer/Documents/Hack Reactor/FEC/FrontEnd/src/components/Overview/ImageGallery.jsx","statementMap":{"0":{"start":{"line":4,"column":17},"end":{"line":7,"column":1}},"1":{"start":{"line":9,"column":22},"end":{"line":14,"column":1}},"2":{"start":{"line":15,"column":19},"end":{"line":19,"column":1}},"3":{"start":{"line":21,"column":18},"end":{"line":24,"column":1}},"4":{"start":{"line":26,"column":19},"end":{"line":42,"column":1}},"5":{"start":{"line":27,"column":2},"end":{"line":41,"column":3}}},"fnMap":{"0":{"name":"(anonymous_0)","decl":{"start":{"line":26,"column":19},"end":{"line":26,"column":20}},"loc":{"start":{"line":26,"column":30},"end":{"line":42,"column":1}},"line":26}},"branchMap":{},"s":{"0":2,"1":2,"2":2,"3":2,"4":2,"5":2},"f":{"0":2},"b":{},"_coverageSchema":"1a1c01bbd47fc00a2c39e90264f33305004495a9","hash":"0fcbf1108f738cc5e2337d5f5de15240a1ed5cf6"}
,"/Users/kevinmoyer/Documents/Hack Reactor/FEC/FrontEnd/src/components/Overview/Overview.jsx": {"path":"/Users/kevinmoyer/Documents/Hack Reactor/FEC/FrontEnd/src/components/Overview/Overview.jsx","statementMap":{"0":{"start":{"line":10,"column":22},"end":{"line":14,"column":1}},"1":{"start":{"line":16,"column":17},"end":{"line":17,"column":1}},"2":{"start":{"line":19,"column":17},"end":{"line":23,"column":1}},"3":{"start":{"line":28,"column":4},"end":{"line":28,"column":17}},"4":{"start":{"line":29,"column":4},"end":{"line":175,"column":5}},"5":{"start":{"line":182,"column":4},"end":{"line":196,"column":5}}},"fnMap":{"0":{"name":"(anonymous_0)","decl":{"start":{"line":27,"column":2},"end":{"line":27,"column":3}},"loc":{"start":{"line":27,"column":21},"end":{"line":176,"column":3}},"line":27},"1":{"name":"(anonymous_1)","decl":{"start":{"line":181,"column":2},"end":{"line":181,"column":3}},"loc":{"start":{"line":181,"column":11},"end":{"line":197,"column":3}},"line":181}},"branchMap":{},"s":{"0":2,"1":2,"2":2,"3":2,"4":2,"5":2},"f":{"0":2,"1":2},"b":{},"_coverageSchema":"1a1c01bbd47fc00a2c39e90264f33305004495a9","hash":"8fbf150e0b56118f85220937d444e1be8ba49c39"}
,"/Users/kevinmoyer/Documents/Hack Reactor/FEC/FrontEnd/src/components/Overview/ProductInfo.jsx": {"path":"/Users/kevinmoyer/Documents/Hack Reactor/FEC/FrontEnd/src/components/Overview/ProductInfo.jsx","statementMap":{"0":{"start":{"line":5,"column":14},"end":{"line":7,"column":1}},"1":{"start":{"line":9,"column":20},"end":{"line":13,"column":1}},"2":{"start":{"line":15,"column":17},"end":{"line":17,"column":1}},"3":{"start":{"line":19,"column":16},"end":{"line":21,"column":1}},"4":{"start":{"line":23,"column":14},"end":{"line":25,"column":1}},"5":{"start":{"line":26,"column":13},"end":{"line":30,"column":1}},"6":{"start":{"line":33,"column":18},"end":{"line":44,"column":1}},"7":{"start":{"line":34,"column":2},"end":{"line":43,"column":3}}},"fnMap":{"0":{"name":"(anonymous_0)","decl":{"start":{"line":33,"column":18},"end":{"line":33,"column":19}},"loc":{"start":{"line":33,"column":29},"end":{"line":44,"column":1}},"line":33}},"branchMap":{},"s":{"0":2,"1":2,"2":2,"3":2,"4":2,"5":2,"6":2,"7":2},"f":{"0":2},"b":{},"_coverageSchema":"1a1c01bbd47fc00a2c39e90264f33305004495a9","hash":"b803db307a3d8f87fe7c3e572f3bd4051a15c646"}
,"/Users/kevinmoyer/Documents/Hack Reactor/FEC/FrontEnd/src/components/Overview/StyleSelect.jsx": {"path":"/Users/kevinmoyer/Documents/Hack Reactor/FEC/FrontEnd/src/components/Overview/StyleSelect.jsx","statementMap":{"0":{"start":{"line":4,"column":17},"end":{"line":6,"column":1}},"1":{"start":{"line":8,"column":15},"end":{"line":12,"column":1}},"2":{"start":{"line":13,"column":15},"end":{"line":17,"column":1}},"3":{"start":{"line":19,"column":22},"end":{"line":21,"column":1}},"4":{"start":{"line":23,"column":15},"end":{"line":26,"column":1}},"5":{"start":{"line":27,"column":13},"end":{"line":32,"column":1}},"6":{"start":{"line":34,"column":18},"end":{"line":49,"column":1}},"7":{"start":{"line":35,"column":2},"end":{"line":48,"column":3}}},"fnMap":{"0":{"name":"(anonymous_0)","decl":{"start":{"line":34,"column":18},"end":{"line":34,"column":19}},"loc":{"start":{"line":34,"column":29},"end":{"line":49,"column":1}},"line":34}},"branchMap":{},"s":{"0":2,"1":2,"2":2,"3":2,"4":2,"5":2,"6":2,"7":2},"f":{"0":2},"b":{},"_coverageSchema":"1a1c01bbd47fc00a2c39e90264f33305004495a9","hash":"1a9280b3cc265c03295930f750cab321c40843c2"}
,"/Users/kevinmoyer/Documents/Hack Reactor/FEC/FrontEnd/src/components/Overview/Title.jsx": {"path":"/Users/kevinmoyer/Documents/Hack Reactor/FEC/FrontEnd/src/components/Overview/Title.jsx","statementMap":{"0":{"start":{"line":5,"column":15},"end":{"line":15,"column":1}},"1":{"start":{"line":17,"column":15},"end":{"line":22,"column":1}},"2":{"start":{"line":24,"column":18},"end":{"line":25,"column":1}},"3":{"start":{"line":27,"column":17},"end":{"line":30,"column":1}},"4":{"start":{"line":33,"column":12},"end":{"line":41,"column":1}},"5":{"start":{"line":34,"column":2},"end":{"line":40,"column":3}}},"fnMap":{"0":{"name":"(anonymous_0)","decl":{"start":{"line":33,"column":12},"end":{"line":33,"column":13}},"loc":{"start":{"line":33,"column":23},"end":{"line":41,"column":1}},"line":33}},"branchMap":{},"s":{"0":2,"1":2,"2":2,"3":2,"4":2,"5":2},"f":{"0":2},"b":{},"_coverageSchema":"1a1c01bbd47fc00a2c39e90264f33305004495a9","hash":"0e3a10c84941f08bf9c4e5e4072031cc4b6dff11"}
,"/Users/kevinmoyer/Documents/Hack Reactor/FEC/FrontEnd/src/components/QandA/QandA.jsx": {"path":"/Users/kevinmoyer/Documents/Hack Reactor/FEC/FrontEnd/src/components/QandA/QandA.jsx","statementMap":{"0":{"start":{"line":8,"column":4},"end":{"line":8,"column":17}},"1":{"start":{"line":9,"column":4},"end":{"line":17,"column":5}},"2":{"start":{"line":18,"column":4},"end":{"line":18,"column":52}},"3":{"start":{"line":19,"column":4},"end":{"line":19,"column":58}},"4":{"start":{"line":23,"column":4},"end":{"line":25,"column":6}},"5":{"start":{"line":29,"column":4},"end":{"line":29,"column":27}},"6":{"start":{"line":30,"column":4},"end":{"line":32,"column":5}},"7":{"start":{"line":31,"column":6},"end":{"line":31,"column":44}},"8":{"start":{"line":33,"column":4},"end":{"line":35,"column":6}},"9":{"start":{"line":36,"column":4},"end":{"line":36,"column":32}},"10":{"start":{"line":40,"column":4},"end":{"line":40,"column":27}},"11":{"start":{"line":46,"column":4},"end":{"line":65,"column":5}}},"fnMap":{"0":{"name":"(anonymous_0)","decl":{"start":{"line":7,"column":2},"end":{"line":7,"column":3}},"loc":{"start":{"line":7,"column":21},"end":{"line":20,"column":3}},"line":7},"1":{"name":"(anonymous_1)","decl":{"start":{"line":22,"column":2},"end":{"line":22,"column":3}},"loc":{"start":{"line":22,"column":22},"end":{"line":26,"column":3}},"line":22},"2":{"name":"(anonymous_2)","decl":{"start":{"line":28,"column":2},"end":{"line":28,"column":3}},"loc":{"start":{"line":28,"column":25},"end":{"line":37,"column":3}},"line":28},"3":{"name":"(anonymous_3)","decl":{"start":{"line":39,"column":2},"end":{"line":39,"column":3}},"loc":{"start":{"line":39,"column":21},"end":{"line":42,"column":3}},"line":39},"4":{"name":"(anonymous_4)","decl":{"start":{"line":45,"column":2},"end":{"line":45,"column":3}},"loc":{"start":{"line":45,"column":11},"end":{"line":66,"column":3}},"line":45}},"branchMap":{"0":{"loc":{"start":{"line":30,"column":4},"end":{"line":32,"column":5}},"type":"if","locations":[{"start":{"line":30,"column":4},"end":{"line":32,"column":5}},{"start":{},"end":{}}],"line":30}},"s":{"0":2,"1":2,"2":2,"3":2,"4":0,"5":0,"6":0,"7":0,"8":0,"9":0,"10":0,"11":2},"f":{"0":2,"1":0,"2":0,"3":0,"4":2},"b":{"0":[0,0]},"_coverageSchema":"1a1c01bbd47fc00a2c39e90264f33305004495a9","hash":"eb876d8aaba9b32c9142fb2ad04033d9e2199125"}
,"/Users/kevinmoyer/Documents/Hack Reactor/FEC/FrontEnd/src/components/QandA/QuestionList.jsx": {"path":"/Users/kevinmoyer/Documents/Hack Reactor/FEC/FrontEnd/src/components/QandA/QuestionList.jsx","statementMap":{"0":{"start":{"line":3,"column":21},"end":{"line":25,"column":1}},"1":{"start":{"line":9,"column":15},"end":{"line":9,"column":26}},"2":{"start":{"line":11,"column":2},"end":{"line":23,"column":4}},"3":{"start":{"line":14,"column":12},"end":{"line":20,"column":13}}},"fnMap":{"0":{"name":"(anonymous_0)","decl":{"start":{"line":3,"column":21},"end":{"line":3,"column":22}},"loc":{"start":{"line":3,"column":30},"end":{"line":25,"column":1}},"line":3},"1":{"name":"(anonymous_1)","decl":{"start":{"line":13,"column":46},"end":{"line":13,"column":47}},"loc":{"start":{"line":13,"column":56},"end":{"line":21,"column":11}},"line":13}},"branchMap":{},"s":{"0":2,"1":2,"2":2,"3":2},"f":{"0":2,"1":2},"b":{},"_coverageSchema":"1a1c01bbd47fc00a2c39e90264f33305004495a9","hash":"c1d675ad79094e06c1e3ed7db1d3d02536750d06"}
,"/Users/kevinmoyer/Documents/Hack Reactor/FEC/FrontEnd/src/components/RandR/RandR.jsx": {"path":"/Users/kevinmoyer/Documents/Hack Reactor/FEC/FrontEnd/src/components/RandR/RandR.jsx","statementMap":{"0":{"start":{"line":8,"column":32},"end":{"line":8,"column":44}},"1":{"start":{"line":9,"column":36},"end":{"line":9,"column":47}},"2":{"start":{"line":10,"column":44},"end":{"line":10,"column":55}},"3":{"start":{"line":11,"column":48},"end":{"line":11,"column":58}},"4":{"start":{"line":13,"column":2},"end":{"line":24,"column":12}},"5":{"start":{"line":14,"column":4},"end":{"line":23,"column":5}},"6":{"start":{"line":15,"column":6},"end":{"line":22,"column":8}},"7":{"start":{"line":17,"column":8},"end":{"line":17,"column":30}},"8":{"start":{"line":18,"column":8},"end":{"line":18,"column":22}},"9":{"start":{"line":21,"column":8},"end":{"line":21,"column":25}},"10":{"start":{"line":26,"column":2},"end":{"line":42,"column":15}},"11":{"start":{"line":27,"column":4},"end":{"line":41,"column":5}},"12":{"start":{"line":28,"column":16},"end":{"line":28,"column":17}},"13":{"start":{"line":29,"column":18},"end":{"line":29,"column":19}},"14":{"start":{"line":30,"column":6},"end":{"line":35,"column":7}},"15":{"start":{"line":31,"column":22},"end":{"line":31,"column":35}},"16":{"start":{"line":32,"column":22},"end":{"line":32,"column":52}},"17":{"start":{"line":33,"column":8},"end":{"line":33,"column":25}},"18":{"start":{"line":34,"column":8},"end":{"line":34,"column":33}},"19":{"start":{"line":36,"column":20},"end":{"line":36,"column":64}},"20":{"start":{"line":37,"column":18},"end":{"line":37,"column":62}},"21":{"start":{"line":38,"column":6},"end":{"line":38,"column":28}},"22":{"start":{"line":39,"column":6},"end":{"line":39,"column":30}},"23":{"start":{"line":44,"column":2},"end":{"line":51,"column":27}},"24":{"start":{"line":45,"column":4},"end":{"line":50,"column":5}},"25":{"start":{"line":46,"column":17},"end":{"line":46,"column":51}},"26":{"start":{"line":47,"column":19},"end":{"line":47,"column":54}},"27":{"start":{"line":48,"column":25},"end":{"line":48,"column":56}},"28":{"start":{"line":49,"column":6},"end":{"line":49,"column":49}},"29":{"start":{"line":53,"column":2},"end":{"line":58,"column":3}}},"fnMap":{"0":{"name":"RandR","decl":{"start":{"line":6,"column":9},"end":{"line":6,"column":14}},"loc":{"start":{"line":6,"column":24},"end":{"line":59,"column":1}},"line":6},"1":{"name":"(anonymous_1)","decl":{"start":{"line":13,"column":12},"end":{"line":13,"column":13}},"loc":{"start":{"line":13,"column":18},"end":{"line":24,"column":3}},"line":13},"2":{"name":"(anonymous_2)","decl":{"start":{"line":16,"column":12},"end":{"line":16,"column":13}},"loc":{"start":{"line":16,"column":22},"end":{"line":19,"column":7}},"line":16},"3":{"name":"(anonymous_3)","decl":{"start":{"line":20,"column":13},"end":{"line":20,"column":14}},"loc":{"start":{"line":20,"column":22},"end":{"line":22,"column":7}},"line":20},"4":{"name":"(anonymous_4)","decl":{"start":{"line":26,"column":12},"end":{"line":26,"column":13}},"loc":{"start":{"line":26,"column":18},"end":{"line":42,"column":3}},"line":26},"5":{"name":"(anonymous_5)","decl":{"start":{"line":44,"column":12},"end":{"line":44,"column":13}},"loc":{"start":{"line":44,"column":18},"end":{"line":51,"column":3}},"line":44}},"branchMap":{"0":{"loc":{"start":{"line":14,"column":4},"end":{"line":23,"column":5}},"type":"if","locations":[{"start":{"line":14,"column":4},"end":{"line":23,"column":5}},{"start":{},"end":{}}],"line":14},"1":{"loc":{"start":{"line":27,"column":4},"end":{"line":41,"column":5}},"type":"if","locations":[{"start":{"line":27,"column":4},"end":{"line":41,"column":5}},{"start":{},"end":{}}],"line":27},"2":{"loc":{"start":{"line":45,"column":4},"end":{"line":50,"column":5}},"type":"if","locations":[{"start":{"line":45,"column":4},"end":{"line":50,"column":5}},{"start":{},"end":{}}],"line":45}},"s":{"0":4,"1":4,"2":4,"3":4,"4":4,"5":2,"6":0,"7":0,"8":0,"9":0,"10":4,"11":2,"12":2,"13":2,"14":2,"15":0,"16":0,"17":0,"18":0,"19":2,"20":2,"21":2,"22":2,"23":4,"24":2,"25":0,"26":0,"27":0,"28":0,"29":4},"f":{"0":4,"1":2,"2":0,"3":0,"4":2,"5":2},"b":{"0":[0,2],"1":[2,0],"2":[0,2]},"_coverageSchema":"1a1c01bbd47fc00a2c39e90264f33305004495a9","hash":"371f66015e797d3857d46b74dd5e023217a42ae2"}
,"/Users/kevinmoyer/Documents/Hack Reactor/FEC/FrontEnd/src/components/RandR/RatingBreakdown.jsx": {"path":"/Users/kevinmoyer/Documents/Hack Reactor/FEC/FrontEnd/src/components/RandR/RatingBreakdown.jsx","statementMap":{"0":{"start":{"line":8,"column":2},"end":{"line":17,"column":3}}},"fnMap":{"0":{"name":"RatingBreakdown","decl":{"start":{"line":6,"column":9},"end":{"line":6,"column":24}},"loc":{"start":{"line":6,"column":75},"end":{"line":18,"column":1}},"line":6}},"branchMap":{},"s":{"0":4},"f":{"0":4},"b":{},"_coverageSchema":"1a1c01bbd47fc00a2c39e90264f33305004495a9","hash":"55b57f34a85fdd271ddd43e7c9134772183bf163"}
,"/Users/kevinmoyer/Documents/Hack Reactor/FEC/FrontEnd/src/components/RandR/Reviews.jsx": {"path":"/Users/kevinmoyer/Documents/Hack Reactor/FEC/FrontEnd/src/components/RandR/Reviews.jsx","statementMap":{"0":{"start":{"line":5,"column":2},"end":{"line":12,"column":3}}},"fnMap":{"0":{"name":"Reviews","decl":{"start":{"line":4,"column":9},"end":{"line":4,"column":16}},"loc":{"start":{"line":4,"column":24},"end":{"line":13,"column":1}},"line":4}},"branchMap":{},"s":{"0":4},"f":{"0":4},"b":{},"_coverageSchema":"1a1c01bbd47fc00a2c39e90264f33305004495a9","hash":"87fe4503818227d31bb603e4dc8365711b93c433"}
,"/Users/kevinmoyer/Documents/Hack Reactor/FEC/FrontEnd/src/components/RandR/RatingBreakdown/CharsBreakdown.jsx": {"path":"/Users/kevinmoyer/Documents/Hack Reactor/FEC/FrontEnd/src/components/RandR/RatingBreakdown/CharsBreakdown.jsx","statementMap":{"0":{"start":{"line":4,"column":2},"end":{"line":8,"column":3}}},"fnMap":{"0":{"name":"CharsBreakdown","decl":{"start":{"line":3,"column":9},"end":{"line":3,"column":23}},"loc":{"start":{"line":3,"column":31},"end":{"line":9,"column":1}},"line":3}},"branchMap":{},"s":{"0":4},"f":{"0":4},"b":{},"_coverageSchema":"1a1c01bbd47fc00a2c39e90264f33305004495a9","hash":"ed60680e14bf302a4fc4f522c5f872e1a9de8057"}
,"/Users/kevinmoyer/Documents/Hack Reactor/FEC/FrontEnd/src/components/RandR/RatingBreakdown/RatingsBar.jsx": {"path":"/Users/kevinmoyer/Documents/Hack Reactor/FEC/FrontEnd/src/components/RandR/RatingBreakdown/RatingsBar.jsx","statementMap":{"0":{"start":{"line":4,"column":2},"end":{"line":8,"column":3}}},"fnMap":{"0":{"name":"RatingsBar","decl":{"start":{"line":3,"column":9},"end":{"line":3,"column":19}},"loc":{"start":{"line":3,"column":27},"end":{"line":9,"column":1}},"line":3}},"branchMap":{},"s":{"0":4},"f":{"0":4},"b":{},"_coverageSchema":"1a1c01bbd47fc00a2c39e90264f33305004495a9","hash":"8b2b9bbdb27208c211c509c83039efee2a338985"}
,"/Users/kevinmoyer/Documents/Hack Reactor/FEC/FrontEnd/src/components/RandR/RatingBreakdown/StarRating.jsx": {"path":"/Users/kevinmoyer/Documents/Hack Reactor/FEC/FrontEnd/src/components/RandR/RatingBreakdown/StarRating.jsx","statementMap":{"0":{"start":{"line":6,"column":19},"end":{"line":6,"column":38}},"1":{"start":{"line":8,"column":2},"end":{"line":12,"column":3}}},"fnMap":{"0":{"name":"StarRating","decl":{"start":{"line":4,"column":9},"end":{"line":4,"column":19}},"loc":{"start":{"line":4,"column":41},"end":{"line":13,"column":1}},"line":4}},"branchMap":{"0":{"loc":{"start":{"line":6,"column":19},"end":{"line":6,"column":38}},"type":"binary-expr","locations":[{"start":{"line":6,"column":19},"end":{"line":6,"column":25}},{"start":{"line":6,"column":29},"end":{"line":6,"column":38}}],"line":6}},"s":{"0":10,"1":10},"f":{"0":10},"b":{"0":[10,6]},"_coverageSchema":"1a1c01bbd47fc00a2c39e90264f33305004495a9","hash":"571cbd808d5f989dbf538938e8409cff5cd5712d"}
,"/Users/kevinmoyer/Documents/Hack Reactor/FEC/FrontEnd/src/components/RandR/Reviews/ReviewList.jsx": {"path":"/Users/kevinmoyer/Documents/Hack Reactor/FEC/FrontEnd/src/components/RandR/Reviews/ReviewList.jsx","statementMap":{"0":{"start":{"line":5,"column":2},"end":{"line":9,"column":3}}},"fnMap":{"0":{"name":"ReviewList","decl":{"start":{"line":4,"column":9},"end":{"line":4,"column":19}},"loc":{"start":{"line":4,"column":27},"end":{"line":10,"column":1}},"line":4}},"branchMap":{},"s":{"0":4},"f":{"0":4},"b":{},"_coverageSchema":"1a1c01bbd47fc00a2c39e90264f33305004495a9","hash":"5e4cd193f82f70296965843dd1662b86dc0c75da"}
,"/Users/kevinmoyer/Documents/Hack Reactor/FEC/FrontEnd/src/components/RandR/Reviews/ReviewTile.jsx": {"path":"/Users/kevinmoyer/Documents/Hack Reactor/FEC/FrontEnd/src/components/RandR/Reviews/ReviewTile.jsx","statementMap":{"0":{"start":{"line":5,"column":2},"end":{"line":17,"column":3}}},"fnMap":{"0":{"name":"ReviewTile","decl":{"start":{"line":4,"column":9},"end":{"line":4,"column":19}},"loc":{"start":{"line":4,"column":27},"end":{"line":18,"column":1}},"line":4}},"branchMap":{},"s":{"0":4},"f":{"0":4},"b":{},"_coverageSchema":"1a1c01bbd47fc00a2c39e90264f33305004495a9","hash":"f9eb7550f4d310fc9d41b9a1eb4f9fdb9c5636ad"}
}
