TN:
SF:src/app.jsx
FN:12,(anonymous_0)
FN:16,(anonymous_1)
FN:23,(anonymous_2)
FN:26,(anonymous_3)
FNF:4
FNH:2
FNDA:2,(anonymous_0)
FNDA:2,(anonymous_1)
FNDA:0,(anonymous_2)
FNDA:0,(anonymous_3)
DA:12,2
DA:14,2
DA:16,2
DA:17,2
DA:18,2
DA:20,0
DA:22,2
DA:24,0
DA:27,0
DA:31,2
LF:10
LH:7
BRDA:17,0,0,2
BRDA:17,0,1,0
BRF:2
BRH:1
end_of_record
TN:
SF:src/serverRequests.js
FN:6,(anonymous_0)
FN:10,(anonymous_1)
FN:14,(anonymous_2)
FNF:3
FNH:1
FNDA:2,(anonymous_0)
FNDA:0,(anonymous_1)
FNDA:0,(anonymous_2)
DA:3,2
DA:7,2
DA:11,0
DA:15,0
LF:4
LH:2
BRF:0
BRH:0
end_of_record
TN:
SF:src/components/Comparisons/Comparisons.jsx
FN:45,(anonymous_0)
FN:186,(anonymous_1)
FN:198,(anonymous_2)
FN:214,(anonymous_3)
FNF:4
FNH:2
FNDA:2,(anonymous_0)
FNDA:0,(anonymous_1)
FNDA:0,(anonymous_2)
FNDA:2,(anonymous_3)
DA:10,2
DA:23,2
DA:38,2
DA:46,2
DA:47,2
DA:187,0
DA:188,0
DA:189,0
DA:190,0
DA:191,0
DA:192,0
DA:199,0
DA:200,0
DA:201,0
DA:202,0
DA:203,0
DA:208,0
DA:216,2
DA:217,2
DA:218,0
DA:220,2
DA:221,2
DA:223,2
LF:23
LH:10
BRDA:201,0,0,0
BRDA:201,0,1,0
BRDA:217,1,0,0
BRDA:217,1,1,2
BRDA:220,2,0,2
BRDA:220,2,1,0
BRF:6
BRH:2
end_of_record
TN:
SF:src/components/Comparisons/ComparisonsModal.jsx
FN:45,(anonymous_0)
FN:52,(anonymous_1)
FNF:2
FNH:1
FNDA:10,(anonymous_0)
FNDA:0,(anonymous_1)
DA:4,2
DA:19,2
DA:29,2
DA:33,2
DA:37,2
DA:41,2
DA:45,2
DA:46,10
DA:47,10
DA:50,0
DA:52,0
LF:11
LH:9
BRDA:46,0,0,10
BRDA:46,0,1,0
BRF:2
BRH:1
end_of_record
TN:
SF:src/components/Comparisons/OutfitItem.jsx
FN:35,(anonymous_0)
FN:46,(anonymous_1)
FNF:2
FNH:2
FNDA:2,(anonymous_0)
FNDA:2,(anonymous_1)
DA:5,2
DA:14,2
DA:19,2
DA:24,2
DA:36,2
DA:37,2
DA:47,2
LF:7
LH:7
BRF:0
BRH:0
end_of_record
TN:
SF:src/components/Comparisons/OutfitList.jsx
FN:48,(anonymous_0)
FN:81,(anonymous_1)
FN:89,(anonymous_2)
FNF:3
FNH:3
FNDA:2,(anonymous_0)
FNDA:2,(anonymous_1)
FNDA:2,(anonymous_2)
DA:6,2
DA:21,2
DA:25,2
DA:37,2
DA:49,2
DA:50,2
DA:85,2
DA:90,2
LF:8
LH:8
BRF:0
BRH:0
end_of_record
TN:
SF:src/components/Comparisons/RelatedItem.jsx
FN:34,(anonymous_0)
FN:42,(anonymous_1)
FN:50,(anonymous_2)
FN:70,(anonymous_3)
FNF:4
FNH:2
FNDA:10,(anonymous_0)
FNDA:0,(anonymous_1)
FNDA:0,(anonymous_2)
FNDA:10,(anonymous_3)
DA:6,2
DA:15,2
DA:24,2
DA:28,2
DA:35,10
DA:36,10
DA:43,0
DA:45,0
DA:51,0
DA:52,0
DA:71,10
LF:11
LH:7
BRF:0
BRH:0
end_of_record
TN:
SF:src/components/Comparisons/RelatedList.jsx
FN:24,(anonymous_0)
FN:28,(anonymous_1)
FNF:2
FNH:2
FNDA:2,(anonymous_0)
FNDA:10,(anonymous_1)
DA:5,2
DA:8,2
DA:24,2
DA:25,2
DA:29,10
LF:5
LH:5
BRF:0
BRH:0
end_of_record
TN:
SF:src/components/Overview/CheckOut.jsx
FN:45,(anonymous_0)
FNF:1
FNH:1
FNDA:2,(anonymous_0)
DA:5,2
DA:11,2
DA:19,2
DA:22,2
DA:29,2
DA:32,2
DA:45,2
DA:46,2
LF:8
LH:8
BRF:0
BRH:0
end_of_record
TN:
SF:src/components/Overview/ImageGallery.jsx
FN:26,(anonymous_0)
FNF:1
FNH:1
FNDA:2,(anonymous_0)
DA:4,2
DA:9,2
DA:15,2
DA:21,2
DA:26,2
DA:27,2
LF:6
LH:6
BRF:0
BRH:0
end_of_record
TN:
SF:src/components/Overview/Overview.jsx
FN:27,(anonymous_0)
FN:181,(anonymous_1)
FNF:2
FNH:2
FNDA:2,(anonymous_0)
FNDA:2,(anonymous_1)
DA:10,2
DA:16,2
DA:19,2
DA:28,2
DA:29,2
DA:182,2
LF:6
LH:6
BRF:0
BRH:0
end_of_record
TN:
SF:src/components/Overview/ProductInfo.jsx
FN:33,(anonymous_0)
FNF:1
FNH:1
FNDA:2,(anonymous_0)
DA:5,2
DA:9,2
DA:15,2
DA:19,2
DA:23,2
DA:26,2
DA:33,2
DA:34,2
LF:8
LH:8
BRF:0
BRH:0
end_of_record
TN:
SF:src/components/Overview/StyleSelect.jsx
FN:34,(anonymous_0)
FNF:1
FNH:1
FNDA:2,(anonymous_0)
DA:4,2
DA:8,2
DA:13,2
DA:19,2
DA:23,2
DA:27,2
DA:34,2
DA:35,2
LF:8
LH:8
BRF:0
BRH:0
end_of_record
TN:
SF:src/components/Overview/Title.jsx
FN:33,(anonymous_0)
FNF:1
FNH:1
FNDA:2,(anonymous_0)
DA:5,2
DA:17,2
DA:24,2
DA:27,2
DA:33,2
DA:34,2
LF:6
LH:6
BRF:0
BRH:0
end_of_record
TN:
SF:src/components/QandA/QandA.jsx
FN:7,(anonymous_0)
FN:22,(anonymous_1)
FN:28,(anonymous_2)
FN:39,(anonymous_3)
FN:45,(anonymous_4)
FNF:5
FNH:2
FNDA:2,(anonymous_0)
FNDA:0,(anonymous_1)
FNDA:0,(anonymous_2)
FNDA:0,(anonymous_3)
FNDA:2,(anonymous_4)
DA:8,2
DA:9,2
DA:18,2
DA:19,2
DA:23,0
DA:29,0
DA:30,0
DA:31,0
DA:33,0
DA:36,0
DA:40,0
DA:46,2
LF:12
LH:5
BRDA:30,0,0,0
BRDA:30,0,1,0
BRF:2
BRH:0
end_of_record
TN:
SF:src/components/QandA/QuestionList.jsx
FN:3,(anonymous_0)
FN:13,(anonymous_1)
FNF:2
FNH:2
FNDA:2,(anonymous_0)
FNDA:2,(anonymous_1)
DA:3,2
DA:9,2
DA:11,2
DA:14,2
LF:4
LH:4
BRF:0
BRH:0
end_of_record
TN:
SF:src/components/RandR/RandR.jsx
FN:6,RandR
FN:13,(anonymous_1)
FN:16,(anonymous_2)
FN:20,(anonymous_3)
FN:26,(anonymous_4)
FN:44,(anonymous_5)
FNF:6
FNH:4
FNDA:4,RandR
FNDA:2,(anonymous_1)
FNDA:0,(anonymous_2)
FNDA:0,(anonymous_3)
FNDA:2,(anonymous_4)
FNDA:2,(anonymous_5)
DA:8,4
DA:9,4
DA:10,4
DA:11,4
DA:13,4
DA:14,2
DA:15,0
DA:17,0
DA:18,0
DA:21,0
DA:26,4
DA:27,2
DA:28,2
DA:29,2
DA:30,2
DA:31,0
DA:32,0
DA:33,0
DA:34,0
DA:36,2
DA:37,2
DA:38,2
DA:39,2
DA:44,4
DA:45,2
DA:46,0
DA:47,0
DA:48,0
DA:49,0
DA:53,4
LF:30
LH:18
BRDA:14,0,0,0
BRDA:14,0,1,2
BRDA:27,1,0,2
BRDA:27,1,1,0
BRDA:45,2,0,0
BRDA:45,2,1,2
BRF:6
BRH:3
end_of_record
TN:
SF:src/components/RandR/RatingBreakdown.jsx
FN:6,RatingBreakdown
FNF:1
FNH:1
FNDA:4,RatingBreakdown
DA:8,4
LF:1
LH:1
BRF:0
BRH:0
end_of_record
TN:
SF:src/components/RandR/Reviews.jsx
FN:4,Reviews
FNF:1
FNH:1
FNDA:4,Reviews
DA:5,4
LF:1
LH:1
BRF:0
BRH:0
end_of_record
TN:
SF:src/components/RandR/RatingBreakdown/CharsBreakdown.jsx
FN:3,CharsBreakdown
FNF:1
FNH:1
FNDA:4,CharsBreakdown
DA:4,4
LF:1
LH:1
BRF:0
BRH:0
end_of_record
TN:
SF:src/components/RandR/RatingBreakdown/RatingsBar.jsx
FN:3,RatingsBar
FNF:1
FNH:1
FNDA:4,RatingsBar
DA:4,4
LF:1
LH:1
BRF:0
BRH:0
end_of_record
TN:
SF:src/components/RandR/RatingBreakdown/StarRating.jsx
FN:4,StarRating
FNF:1
FNH:1
FNDA:10,StarRating
DA:6,10
DA:8,10
LF:2
LH:2
BRDA:6,0,0,10
BRDA:6,0,1,6
BRF:2
BRH:2
end_of_record
TN:
SF:src/components/RandR/Reviews/ReviewList.jsx
FN:4,ReviewList
FNF:1
FNH:1
FNDA:4,ReviewList
DA:5,4
LF:1
LH:1
BRF:0
BRH:0
end_of_record
TN:
SF:src/components/RandR/Reviews/ReviewTile.jsx
FN:4,ReviewTile
FNF:1
FNH:1
FNDA:4,ReviewTile
DA:5,4
LF:1
LH:1
BRF:0
BRH:0
end_of_record
