TN:
SF:src/app.jsx
FN:12,(anonymous_0)
FN:16,(anonymous_1)
FN:23,(anonymous_2)
FN:26,(anonymous_3)
FNF:4
FNH:2
FNDA:3,(anonymous_0)
FNDA:3,(anonymous_1)
FNDA:0,(anonymous_2)
FNDA:0,(anonymous_3)
DA:12,3
DA:14,3
DA:16,3
DA:17,3
DA:18,3
DA:20,0
DA:22,3
DA:24,0
DA:27,0
DA:31,3
LF:10
LH:7
BRDA:17,0,0,3
BRDA:17,0,1,0
BRF:2
BRH:1
end_of_record
TN:
SF:src/serverRequests.js
FN:6,(anonymous_0)
FN:10,(anonymous_1)
FN:14,(anonymous_2)
FNF:3
FNH:1
FNDA:3,(anonymous_0)
FNDA:0,(anonymous_1)
FNDA:0,(anonymous_2)
DA:3,3
DA:7,3
DA:11,0
DA:15,0
LF:4
LH:2
BRF:0
BRH:0
end_of_record
TN:
SF:src/components/Comparisons/Comparisons.jsx
FN:45,(anonymous_0)
FN:186,(anonymous_1)
FN:198,(anonymous_2)
FN:214,(anonymous_3)
FNF:4
FNH:2
FNDA:3,(anonymous_0)
FNDA:0,(anonymous_1)
FNDA:0,(anonymous_2)
FNDA:3,(anonymous_3)
DA:10,3
DA:23,3
DA:38,3
DA:46,3
DA:47,3
DA:187,0
DA:188,0
DA:189,0
DA:190,0
DA:191,0
DA:192,0
DA:199,0
DA:200,0
DA:201,0
DA:202,0
DA:203,0
DA:208,0
DA:216,3
DA:217,3
DA:218,0
DA:220,3
DA:221,3
DA:223,3
LF:23
LH:10
BRDA:201,0,0,0
BRDA:201,0,1,0
BRDA:217,1,0,0
BRDA:217,1,1,3
BRDA:220,2,0,3
BRDA:220,2,1,0
BRF:6
BRH:2
end_of_record
TN:
SF:src/components/Comparisons/ComparisonsModal.jsx
FN:45,(anonymous_0)
FN:52,(anonymous_1)
FNF:2
FNH:1
FNDA:15,(anonymous_0)
FNDA:0,(anonymous_1)
DA:4,3
DA:19,3
DA:29,3
DA:33,3
DA:37,3
DA:41,3
DA:45,3
DA:46,15
DA:47,15
DA:50,0
DA:52,0
LF:11
LH:9
BRDA:46,0,0,15
BRDA:46,0,1,0
BRF:2
BRH:1
end_of_record
TN:
SF:src/components/Comparisons/OutfitItem.jsx
FN:35,(anonymous_0)
FN:46,(anonymous_1)
FNF:2
FNH:2
FNDA:3,(anonymous_0)
FNDA:3,(anonymous_1)
DA:5,3
DA:14,3
DA:19,3
DA:24,3
DA:36,3
DA:37,3
DA:47,3
LF:7
LH:7
BRF:0
BRH:0
end_of_record
TN:
SF:src/components/Comparisons/OutfitList.jsx
FN:48,(anonymous_0)
FN:81,(anonymous_1)
FN:89,(anonymous_2)
FNF:3
FNH:3
FNDA:3,(anonymous_0)
FNDA:3,(anonymous_1)
FNDA:3,(anonymous_2)
DA:6,3
DA:21,3
DA:25,3
DA:37,3
DA:49,3
DA:50,3
DA:85,3
DA:90,3
LF:8
LH:8
BRF:0
BRH:0
end_of_record
TN:
SF:src/components/Comparisons/RelatedItem.jsx
FN:34,(anonymous_0)
FN:42,(anonymous_1)
FN:50,(anonymous_2)
FN:70,(anonymous_3)
FNF:4
FNH:2
FNDA:15,(anonymous_0)
FNDA:0,(anonymous_1)
FNDA:0,(anonymous_2)
FNDA:15,(anonymous_3)
DA:6,3
DA:15,3
DA:24,3
DA:28,3
DA:35,15
DA:36,15
DA:43,0
DA:45,0
DA:51,0
DA:52,0
DA:71,15
LF:11
LH:7
BRF:0
BRH:0
end_of_record
TN:
SF:src/components/Comparisons/RelatedList.jsx
FN:24,(anonymous_0)
FN:28,(anonymous_1)
FNF:2
FNH:2
FNDA:3,(anonymous_0)
FNDA:15,(anonymous_1)
DA:5,3
DA:8,3
DA:24,3
DA:25,3
DA:29,15
LF:5
LH:5
BRF:0
BRH:0
end_of_record
TN:
SF:src/components/Overview/CheckOut.jsx
FN:45,(anonymous_0)
FNF:1
FNH:1
FNDA:3,(anonymous_0)
DA:5,3
DA:11,3
DA:19,3
DA:22,3
DA:29,3
DA:32,3
DA:45,3
DA:46,3
LF:8
LH:8
BRF:0
BRH:0
end_of_record
TN:
SF:src/components/Overview/ImageGallery.jsx
FN:26,(anonymous_0)
FNF:1
FNH:1
FNDA:3,(anonymous_0)
DA:4,3
DA:9,3
DA:15,3
DA:21,3
DA:26,3
DA:27,3
LF:6
LH:6
BRF:0
BRH:0
end_of_record
TN:
SF:src/components/Overview/Overview.jsx
FN:27,(anonymous_0)
FN:181,(anonymous_1)
FNF:2
FNH:2
FNDA:3,(anonymous_0)
FNDA:3,(anonymous_1)
DA:10,3
DA:16,3
DA:19,3
DA:28,3
DA:29,3
DA:182,3
LF:6
LH:6
BRF:0
BRH:0
end_of_record
TN:
SF:src/components/Overview/ProductInfo.jsx
FN:33,(anonymous_0)
FNF:1
FNH:1
FNDA:3,(anonymous_0)
DA:5,3
DA:9,3
DA:15,3
DA:19,3
DA:23,3
DA:26,3
DA:33,3
DA:34,3
LF:8
LH:8
BRF:0
BRH:0
end_of_record
TN:
SF:src/components/Overview/StyleSelect.jsx
FN:34,(anonymous_0)
FNF:1
FNH:1
FNDA:3,(anonymous_0)
DA:4,3
DA:8,3
DA:13,3
DA:19,3
DA:23,3
DA:27,3
DA:34,3
DA:35,3
LF:8
LH:8
BRF:0
BRH:0
end_of_record
TN:
SF:src/components/Overview/Title.jsx
FN:33,(anonymous_0)
FNF:1
FNH:1
FNDA:3,(anonymous_0)
DA:5,3
DA:17,3
DA:24,3
DA:27,3
DA:33,3
DA:34,3
LF:6
LH:6
BRF:0
BRH:0
end_of_record
TN:
SF:src/components/QandA/QandA.jsx
FN:7,(anonymous_0)
FN:22,(anonymous_1)
FN:28,(anonymous_2)
FN:39,(anonymous_3)
FN:45,(anonymous_4)
FNF:5
FNH:2
FNDA:3,(anonymous_0)
FNDA:0,(anonymous_1)
FNDA:0,(anonymous_2)
FNDA:0,(anonymous_3)
FNDA:3,(anonymous_4)
DA:8,3
DA:9,3
DA:18,3
DA:19,3
DA:23,0
DA:29,0
DA:30,0
DA:31,0
DA:33,0
DA:36,0
DA:40,0
DA:46,3
LF:12
LH:5
BRDA:30,0,0,0
BRDA:30,0,1,0
BRF:2
BRH:0
end_of_record
TN:
SF:src/components/QandA/QuestionList.jsx
FN:3,(anonymous_0)
FN:13,(anonymous_1)
FNF:2
FNH:2
FNDA:3,(anonymous_0)
FNDA:3,(anonymous_1)
DA:3,3
DA:9,3
DA:11,3
DA:14,3
LF:4
LH:4
BRF:0
BRH:0
end_of_record
TN:
SF:src/components/RandR/RandR.jsx
FN:6,RandR
FN:13,(anonymous_1)
FN:16,(anonymous_2)
FN:20,(anonymous_3)
FN:26,(anonymous_4)
FN:44,(anonymous_5)
FNF:6
FNH:4
FNDA:6,RandR
FNDA:3,(anonymous_1)
FNDA:0,(anonymous_2)
FNDA:0,(anonymous_3)
FNDA:3,(anonymous_4)
FNDA:3,(anonymous_5)
DA:8,6
DA:9,6
DA:10,6
DA:11,6
DA:13,6
DA:14,3
DA:15,0
DA:17,0
DA:18,0
DA:21,0
DA:26,6
DA:27,3
DA:28,3
DA:29,3
DA:30,3
DA:31,0
DA:32,0
DA:33,0
DA:34,0
DA:36,3
DA:37,3
DA:38,3
DA:39,3
DA:44,6
DA:45,3
DA:46,0
DA:47,0
DA:48,0
DA:49,0
DA:53,6
LF:30
LH:18
BRDA:14,0,0,0
BRDA:14,0,1,3
BRDA:27,1,0,3
BRDA:27,1,1,0
BRDA:45,2,0,0
BRDA:45,2,1,3
BRF:6
BRH:3
end_of_record
TN:
SF:src/components/RandR/RatingBreakdown.jsx
FN:6,RatingBreakdown
FNF:1
FNH:1
FNDA:6,RatingBreakdown
DA:8,6
LF:1
LH:1
BRF:0
BRH:0
end_of_record
TN:
SF:src/components/RandR/Reviews.jsx
FN:4,Reviews
FNF:1
FNH:1
FNDA:6,Reviews
DA:5,6
LF:1
LH:1
BRF:0
BRH:0
end_of_record
TN:
SF:src/components/RandR/RatingBreakdown/CharsBreakdown.jsx
FN:3,CharsBreakdown
FNF:1
FNH:1
FNDA:6,CharsBreakdown
DA:4,6
LF:1
LH:1
BRF:0
BRH:0
end_of_record
TN:
SF:src/components/RandR/RatingBreakdown/RatingsBar.jsx
FN:3,RatingsBar
FNF:1
FNH:1
FNDA:6,RatingsBar
DA:4,6
LF:1
LH:1
BRF:0
BRH:0
end_of_record
TN:
SF:src/components/RandR/RatingBreakdown/StarRating.jsx
FN:4,StarRating
FNF:1
FNH:1
FNDA:15,StarRating
DA:6,15
DA:8,15
LF:2
LH:2
BRDA:6,0,0,15
BRDA:6,0,1,9
BRF:2
BRH:2
end_of_record
TN:
SF:src/components/RandR/Reviews/ReviewList.jsx
FN:4,ReviewList
FNF:1
FNH:1
FNDA:6,ReviewList
DA:5,6
LF:1
LH:1
BRF:0
BRH:0
end_of_record
TN:
SF:src/components/RandR/Reviews/ReviewTile.jsx
FN:4,ReviewTile
FNF:1
FNH:1
FNDA:6,ReviewTile
DA:5,6
LF:1
LH:1
BRF:0
BRH:0
end_of_record
